<?xml version="1.0" encoding="UTF-8"?>
<!-- Generated by org.testng.reporters.JUnitReportReporter -->
<testsuite hostname="SLIDEQA2" failures="0" tests="1" name="teamTestCases.NewAddition" time="19.919" errors="0" timestamp="2022-04-12T13:10:18 IST" skipped="0">
  <testcase classname="teamTestCases.NewAddition" name="checkResolutionForNewlyProducts" time="19.919"/>
  <system-out/>
</testsuite> <!-- teamTestCases.NewAddition -->
