<?xml version="1.0" encoding="UTF-8"?>
<!-- Generated by org.testng.reporters.JUnitReportReporter -->
<testsuite hostname="SLIDEQA2" failures="0" tests="1" name="teamTestCases.WidgetsPages" time="13.258" errors="0" timestamp="2022-04-12T13:10:51 IST" skipped="0">
  <testcase classname="teamTestCases.WidgetsPages" name="checkResolutionForWidgets" time="13.258"/>
  <system-out/>
</testsuite> <!-- teamTestCases.WidgetsPages -->
