<?xml version="1.0" encoding="UTF-8"?>
<!-- Generated by org.testng.reporters.JUnitReportReporter -->
<testsuite hostname="SLIDEQA2" failures="0" tests="1" name="teamTestCases.SliPages" time="78.953" errors="0" timestamp="2022-04-12T12:31:02 IST" skipped="0">
  <testcase classname="teamTestCases.SliPages" name="checkResolutionForSliPages" time="78.953"/>
  <system-out/>
</testsuite> <!-- teamTestCases.SliPages -->
