<?xml version="1.0" encoding="UTF-8"?>
<!-- Generated by org.testng.reporters.JUnitReportReporter -->
<testsuite hostname="SLIDEQA2" failures="0" tests="1" name="teamTestCases.MostDownloaded" time="25.991" errors="0" timestamp="2022-04-12T17:55:10 IST" skipped="0">
  <testcase classname="teamTestCases.MostDownloaded" name="checkResolutionForpopularPPts" time="25.991"/>
  <system-out/>
</testsuite> <!-- teamTestCases.MostDownloaded -->
