<?xml version="1.0" encoding="UTF-8"?>
<!-- Generated by org.testng.reporters.JUnitReportReporter -->
<testsuite hostname="SLIDEQA2" failures="0" tests="1" name="teamListener.rough" time="10.516" errors="0" timestamp="2022-03-24T17:34:39 IST" skipped="0">
  <testcase classname="teamListener.rough" name="initilizeDriver" time="10.516"/>
  <system-out/>
</testsuite> <!-- teamListener.rough -->
