<?xml version="1.0" encoding="UTF-8"?>
<!-- Generated by org.testng.reporters.JUnitReportReporter -->
<testsuite hostname="SLIDEQA2" failures="0" tests="1" name="GeeksTestCases.WidgetsPages" time="22.420" errors="0" timestamp="2022-04-13T15:45:03 IST" skipped="0">
  <testcase classname="GeeksTestCases.WidgetsPages" name="checkResolutionForWidgets" time="22.420"/>
  <system-out/>
</testsuite> <!-- GeeksTestCases.WidgetsPages -->
