<?xml version="1.0" encoding="UTF-8"?>
<!-- Generated by org.testng.reporters.JUnitReportReporter -->
<testsuite hostname="SLIDEQA2" failures="0" tests="7" name="GeeksTestCases.MostDownloaded" time="269.114" errors="0" timestamp="2022-04-13T15:45:03 IST" skipped="0">
  <testcase classname="GeeksTestCases.MostDownloaded" name="checkResolutionForpopularPPts" time="38.347"/>
  <system-out/>
  <testcase classname="GeeksTestCases.MostDownloaded" name="checkResolutionForpopularPPts" time="38.465"/>
  <system-out/>
  <testcase classname="GeeksTestCases.MostDownloaded" name="checkResolutionForpopularPPts" time="38.763"/>
  <system-out/>
  <testcase classname="GeeksTestCases.MostDownloaded" name="checkResolutionForpopularPPts" time="39.513"/>
  <system-out/>
  <testcase classname="GeeksTestCases.MostDownloaded" name="checkResolutionForpopularPPts" time="37.734"/>
  <system-out/>
  <testcase classname="GeeksTestCases.MostDownloaded" name="checkResolutionForpopularPPts" time="38.254"/>
  <system-out/>
  <testcase classname="GeeksTestCases.MostDownloaded" name="checkResolutionForpopularPPts" time="38.038"/>
  <system-out/>
</testsuite> <!-- GeeksTestCases.MostDownloaded -->
