<?xml version="1.0" encoding="UTF-8"?>
<!-- Generated by org.testng.reporters.JUnitReportReporter -->
<testsuite hostname="SLIDEQA2" failures="0" tests="8" name="GeeksTestCases.NewAddition" time="289.117" errors="0" timestamp="2022-04-13T15:45:03 IST" skipped="0">
  <testcase classname="GeeksTestCases.NewAddition" name="checkResolutionForNewlyProducts" time="37.257"/>
  <system-out/>
  <testcase classname="GeeksTestCases.NewAddition" name="checkResolutionForNewlyProducts" time="36.546"/>
  <system-out/>
  <testcase classname="GeeksTestCases.NewAddition" name="checkResolutionForNewlyProducts" time="35.581"/>
  <system-out/>
  <testcase classname="GeeksTestCases.NewAddition" name="checkResolutionForNewlyProducts" time="36.111"/>
  <system-out/>
  <testcase classname="GeeksTestCases.NewAddition" name="checkResolutionForNewlyProducts" time="35.845"/>
  <system-out/>
  <testcase classname="GeeksTestCases.NewAddition" name="checkResolutionForNewlyProducts" time="36.169"/>
  <system-out/>
  <testcase classname="GeeksTestCases.NewAddition" name="checkResolutionForNewlyProducts" time="35.641"/>
  <system-out/>
  <testcase classname="GeeksTestCases.NewAddition" name="checkResolutionForNewlyProducts" time="35.967"/>
  <system-out/>
</testsuite> <!-- GeeksTestCases.NewAddition -->
