<?xml version="1.0" encoding="UTF-8"?>
<!-- Generated by org.testng.reporters.JUnitReportReporter -->
<testsuite hostname="SLIDEQA2" failures="0" tests="8" name="GeeksTestCases.SliPages" time="624.682" errors="0" timestamp="2022-04-13T15:45:03 IST" skipped="0">
  <testcase classname="GeeksTestCases.SliPages" name="checkResolutionForSliPages" time="76.010"/>
  <system-out/>
  <testcase classname="GeeksTestCases.SliPages" name="checkResolutionForSliPages" time="79.368"/>
  <system-out/>
  <testcase classname="GeeksTestCases.SliPages" name="checkResolutionForSliPages" time="83.066"/>
  <system-out/>
  <testcase classname="GeeksTestCases.SliPages" name="checkResolutionForSliPages" time="76.730"/>
  <system-out/>
  <testcase classname="GeeksTestCases.SliPages" name="checkResolutionForSliPages" time="77.422"/>
  <system-out/>
  <testcase classname="GeeksTestCases.SliPages" name="checkResolutionForSliPages" time="76.568"/>
  <system-out/>
  <testcase classname="GeeksTestCases.SliPages" name="checkResolutionForSliPages" time="79.065"/>
  <system-out/>
  <testcase classname="GeeksTestCases.SliPages" name="checkResolutionForSliPages" time="76.453"/>
  <system-out/>
</testsuite> <!-- GeeksTestCases.SliPages -->
